# JRE version: OpenJDK Runtime Environment AdoptOpenJDK-dcevm-11.0.15+1-202204281459 (11.0.15+1) (build 11.0.15+1-202204281459)
# Java VM: Dynamic Code Evolution 64-Bit Server VM AdoptOpenJDK-dcevm-11.0.15+1-202204281459 (11.0.15+1-202204281459, mixed mode, tiered, compressed oops, g1 gc, bsd-amd64)
Heap:
 garbage-first heap   total 524288K, used 17769K [0x0000000600000000, 0x0000000800000000)
  region size 2048K, 9 young (18432K), 5 survivors (10240K)
 Metaspace       used 22448K, capacity 22907K, committed 23344K, reserved 1071104K
  class space    used 2402K, capacity 2589K, committed 2688K, reserved 1048576K
GC Heap History (6 events):
Event: 0.465 GC heap before
{Heap before GC invocations=0 (full 0):
 garbage-first heap   total 524288K, used 24576K [0x0000000600000000, 0x0000000800000000)
  region size 2048K, 12 young (24576K), 0 survivors (0K)
 Metaspace       used 13275K, capacity 13489K, committed 13824K, reserved 1060864K
  class space    used 1345K, capacity 1452K, committed 1536K, reserved 1048576K
}
Event: 0.468 GC heap after
{Heap after GC invocations=1 (full 0):
 garbage-first heap   total 524288K, used 3458K [0x0000000600000000, 0x0000000800000000)
  region size 2048K, 2 young (4096K), 2 survivors (4096K)
 Metaspace       used 13275K, capacity 13489K, committed 13824K, reserved 1060864K
  class space    used 1345K, capacity 1452K, committed 1536K, reserved 1048576K
}
Event: 0.926 GC heap before
{Heap before GC invocations=1 (full 0):
 garbage-first heap   total 524288K, used 52610K [0x0000000600000000, 0x0000000800000000)
  region size 2048K, 27 young (55296K), 2 survivors (4096K)
 Metaspace       used 20586K, capacity 20944K, committed 21296K, reserved 1069056K
  class space    used 2256K, capacity 2406K, committed 2432K, reserved 1048576K
}
Event: 0.935 GC heap after
{Heap after GC invocations=2 (full 0):
 garbage-first heap   total 524288K, used 6459K [0x0000000600000000, 0x0000000800000000)
  region size 2048K, 4 young (8192K), 4 survivors (8192K)
 Metaspace       used 20586K, capacity 20944K, committed 21296K, reserved 1069056K
  class space    used 2256K, capacity 2406K, committed 2432K, reserved 1048576K
}
Event: 1.262 GC heap before
{Heap before GC invocations=3 (full 0):
 garbage-first heap   total 524288K, used 71995K [0x0000000600000000, 0x0000000800000000)
  region size 2048K, 36 young (73728K), 4 survivors (8192K)
 Metaspace       used 21894K, capacity 22259K, committed 22704K, reserved 1069056K
  class space    used 2331K, capacity 2481K, committed 2560K, reserved 1048576K
}
Event: 1.267 GC heap after
{Heap after GC invocations=4 (full 0):
 garbage-first heap   total 524288K, used 11625K [0x0000000600000000, 0x0000000800000000)
  region size 2048K, 5 young (10240K), 5 survivors (10240K)
 Metaspace       used 21894K, capacity 22259K, committed 22704K, reserved 1069056K
  class space    used 2331K, capacity 2481K, committed 2560K, reserved 1048576K
}

