# JRE version: OpenJDK Runtime Environment Corretto-11.0.17.8.1 (11.0.17+8) (build 11.0.17+8-LTS)
# Java VM: OpenJDK 64-Bit Server VM Corretto-11.0.17.8.1 (11.0.17+8-LTS, mixed mode, tiered, compressed oops, g1 gc, bsd-amd64)
Heap:
 garbage-first heap   total 524288K, used 50476K [0x0000000600000000, 0x0000000800000000)
  region size 2048K, 23 young (47104K), 2 survivors (4096K)
 Metaspace       used 31485K, capacity 32512K, committed 32636K, reserved 1077248K
  class space    used 3644K, capacity 4023K, committed 4044K, reserved 1048576K
GC Heap History (6 events):
Event: 0.649 GC heap before
{Heap before GC invocations=0 (full 0):
 garbage-first heap   total 524288K, used 24576K [0x0000000600000000, 0x0000000800000000)
  region size 2048K, 12 young (24576K), 0 survivors (0K)
 Metaspace       used 13964K, capacity 14194K, committed 14336K, reserved 1062912K
  class space    used 1383K, capacity 1481K, committed 1536K, reserved 1048576K
}
Event: 0.654 GC heap after
{Heap after GC invocations=1 (full 0):
 garbage-first heap   total 524288K, used 6094K [0x0000000600000000, 0x0000000800000000)
  region size 2048K, 2 young (4096K), 2 survivors (4096K)
 Metaspace       used 13964K, capacity 14194K, committed 14336K, reserved 1062912K
  class space    used 1383K, capacity 1481K, committed 1536K, reserved 1048576K
}
Event: 1.012 GC heap before
{Heap before GC invocations=1 (full 0):
 garbage-first heap   total 524288K, used 32718K [0x0000000600000000, 0x0000000800000000)
  region size 2048K, 16 young (32768K), 2 survivors (4096K)
 Metaspace       used 20696K, capacity 21152K, committed 21296K, reserved 1069056K
  class space    used 2204K, capacity 2403K, committed 2432K, reserved 1048576K
}
Event: 1.022 GC heap after
{Heap after GC invocations=2 (full 0):
 garbage-first heap   total 524288K, used 7516K [0x0000000600000000, 0x0000000800000000)
  region size 2048K, 3 young (6144K), 3 survivors (6144K)
 Metaspace       used 20696K, capacity 21152K, committed 21296K, reserved 1069056K
  class space    used 2204K, capacity 2403K, committed 2432K, reserved 1048576K
}
Event: 1.419 GC heap before
{Heap before GC invocations=3 (full 0):
 garbage-first heap   total 524288K, used 40284K [0x0000000600000000, 0x0000000800000000)
  region size 2048K, 19 young (38912K), 3 survivors (6144K)
 Metaspace       used 25341K, capacity 26012K, committed 26364K, reserved 1073152K
  class space    used 2796K, capacity 3081K, committed 3148K, reserved 1048576K
}
Event: 1.424 GC heap after
{Heap after GC invocations=4 (full 0):
 garbage-first heap   total 524288K, used 9516K [0x0000000600000000, 0x0000000800000000)
  region size 2048K, 2 young (4096K), 2 survivors (4096K)
 Metaspace       used 25341K, capacity 26012K, committed 26364K, reserved 1073152K
  class space    used 2796K, capacity 3081K, committed 3148K, reserved 1048576K
}

